<?xml version="1.0" encoding="UTF-8"?>
<!-- Generated by org.testng.reporters.JUnitXMLReporter -->
<testsuite ignored="3" hostname="DESKTOP-RI4ED80" failures="0" tests="4" name="Test" time="0.08" errors="0" timestamp="2024-07-05T10:42:44 IST">
  <testcase classname="testng.ClassA" name="home" time="0.013"/>
  <testcase classname="testng.ClassA" name="login" time="0.002"/>
  <testcase classname="testng.ClassC" name="createBoardsPage" time="0.002"/>
  <testcase classname="testng.ClassC" name="deleteBoardsPage" time="0.002"/>
  <testcase classname="testng.ClassA" name="logout" time="0.0">
    <ignored/>
  </testcase> <!-- logout -->
  <testcase classname="testng.ClassB" name="loginToContinuePage" time="0.0">
    <ignored/>
  </testcase> <!-- loginToContinuePage -->
  <testcase classname="testng.ClassB" name="boardsPage" time="0.0">
    <ignored/>
  </testcase> <!-- boardsPage -->
</testsuite> <!-- Test -->
